Der Buildvorgang wurde am 09.03.2011 15:40:15 gestartet.
     1>Projekt "D:\sdk\OpenFrameworks\of_preRelease_v0062_vs2010_FAT\apps\addonsExamples\rtsg-1\allAddonsExample.vcxproj" auf Knoten "3", build Ziel(e).
     1>InitializeBuildStatus:
         "obj\Debug\allAddonsExample.unsuccessfulbuild" wird erstellt, da "AlwaysCreate" angegeben wurde.
       ClCompile:
         C:\Program Files (x86)\Microsoft Visual Studio 10.0\VC\bin\CL.exe /c /I..\..\..\libs\openFrameworks /I..\..\..\libs\openFrameworks\graphics /I..\..\..\libs\openFrameworks\app /I..\..\..\libs\openFrameworks\sound /I..\..\..\libs\openFrameworks\utils /I..\..\..\libs\openFrameworks\communication /I..\..\..\libs\openFrameworks\video /I..\..\..\libs\openFrameworks\events /I..\..\..\libs\glut\include /I..\..\..\libs\rtAudio\include /I..\..\..\libs\quicktime\include /I..\..\..\libs\freetype\include /I..\..\..\libs\freetype\include\freetype2 /I..\..\..\libs\freeImage\include /I..\..\..\libs\fmodex\include /I..\..\..\libs\videoInput\include /I..\..\..\libs\glee\include /I..\..\..\libs\glu\include /I..\..\..\libs\poco\include /I..\..\..\addons /I..\..\..\addons\ofxNetwork\src /I..\..\..\addons\ofxDirList\src /I..\..\..\addons\ofxObjLoader\src /I..\..\..\addons\ofxOpenCv\src /I..\..\..\addons\ofxOpenCv\libs\opencv\include /I..\..\..\addons\ofxOsc\src /I..\..\..\addons\ofxOsc\libs\oscpack\include\ip /I..\..\..\addons\ofxOsc\libs\oscpack\include\osc /I..\..\..\addons\ofxThread\src /I..\..\..\addons\ofxVectorGraphics\src /I..\..\..\addons\ofxVectorGraphics\libs /I..\..\..\addons\ofxVectorMath\src /I..\..\..\addons\ofxXMLSettings\libs /I..\..\..\addons\ofxXMLSettings\src /I..\..\..\addons\ofx3DModelLoader\src /I..\..\..\addons\ofx3DModelLoader\src\3DS /ZI /nologo /W3 /WX- /Od /Oy- /D WIN32 /D _DEBUG /D _CONSOLE /D POCO_STATIC /D _UNICODE /D UNICODE /Gm /EHsc /RTC1 /MDd /GS /fp:precise /Zc:wchar_t /Zc:forScope /Fo"obj\Debug\\" /Fd"obj\Debug\vc100.pdb" /Gd /TP /analyze- /errorReport:prompt src\SpaceShip.cpp
         SpaceShip.cpp
       ManifestResourceCompile:
         Alle Ausgaben sind aktuell.
       Link:
         C:\Program Files (x86)\Microsoft Visual Studio 10.0\VC\bin\link.exe /ERRORREPORT:PROMPT /OUT:"bin\allAddonsExample_debug.exe" /INCREMENTAL /NOLOGO /LIBPATH:..\..\..\libs\glut\lib\vs2010 /LIBPATH:..\..\..\libs\rtAudio\lib\vs2010 /LIBPATH:..\..\..\libs\FreeImage\lib\vs2010 /LIBPATH:..\..\..\libs\freetype\lib\vs2010 /LIBPATH:..\..\..\libs\quicktime\lib\vs2010 /LIBPATH:..\..\..\libs\fmodex\lib\vs2010 /LIBPATH:..\..\..\libs\videoInput\lib\vs2010 /LIBPATH:..\..\..\libs\glee\lib\vs2010 /LIBPATH:..\..\..\libs\glu\lib\vs2010 /LIBPATH:..\..\..\libs\Poco\lib\vs2010 /LIBPATH:..\..\..\libs\openFrameworksCompiled\lib\vs2010 openframeworksLibDebug.lib OpenGL32.lib GLu32.lib kernel32.lib setupapi.lib glut32.lib rtAudioD.lib videoInput.lib libfreetype.lib FreeImage.lib qtmlClient.lib dsound.lib user32.lib gdi32.lib winspool.lib comdlg32.lib advapi32.lib shell32.lib ole32.lib oleaut32.lib uuid.lib GLee.lib fmodex_vc.lib glu32.lib PocoFoundationmtd.lib PocoNetmtd.lib PocoUtilmtd.lib PocoXMLmtd.lib Ws2_32.lib ..\..\..\addons\ofxOpenCv\libs\opencv\lib\vs2010\cv110d.lib ..\..\..\addons\ofxOpenCv\libs\opencv\lib\vs2010\cvaux110d.lib ..\..\..\addons\ofxOpenCv\libs\opencv\lib\vs2010\cxcore110d.lib ..\..\..\addons\ofxOsc\libs\oscpack\lib\vs2010\oscpackd.lib kernel32.lib user32.lib gdi32.lib winspool.lib comdlg32.lib advapi32.lib shell32.lib ole32.lib oleaut32.lib uuid.lib odbc32.lib odbccp32.lib /NODEFAULTLIB:atlthunk.lib /NODEFAULTLIB:LIBC.lib /NODEFAULTLIB:LIBCMT /MANIFEST /ManifestFile:"obj\Debug\allAddonsExample_debug.exe.intermediate.manifest" /MANIFESTUAC:"level='asInvoker' uiAccess='false'" /DEBUG /PDB:"D:\sdk\OpenFrameworks\of_preRelease_v0062_vs2010_FAT\apps\addonsExamples\rtsg-1\bin\allAddonsExample_debug_debugInfo.pdb" /SUBSYSTEM:CONSOLE /TLBID:1 /DYNAMICBASE:NO /IMPLIB:"bin\allAddonsExample_debug.lib" /MACHINE:X86 obj\Debug\allAddonsExample_debug.exe.embed.manifest.res
         obj\Debug\Body.obj
         obj\Debug\main.obj
         obj\Debug\ofxXmlSettings.obj
         obj\Debug\tinyxml.obj
         obj\Debug\tinyxmlerror.obj
         obj\Debug\tinyxmlparser.obj
         obj\Debug\ofxTCPClient.obj
         obj\Debug\ofxTCPManager.obj
         obj\Debug\ofxTCPServer.obj
         obj\Debug\ofxUDPManager.obj
         obj\Debug\ofxOscBundle.obj
         obj\Debug\ofxOscMessage.obj
         obj\Debug\ofxOscReceiver.obj
         obj\Debug\ofxOscSender.obj
         obj\Debug\ofxCvColorImage.obj
         obj\Debug\ofxCvContourFinder.obj
         obj\Debug\ofxCvFloatImage.obj
         obj\Debug\ofxCvGrayscaleImage.obj
         obj\Debug\ofxCvImage.obj
         obj\Debug\ofxCvShortImage.obj
         obj\Debug\ofxVectorGraphics.obj
         obj\Debug\CreEPS.obj
         obj\Debug\ofxMatrix4x4.obj
         obj\Debug\ofxQuaternion.obj
         obj\Debug\ofxThread.obj
         obj\Debug\ofxDirList.obj
         obj\Debug\ofx3dModelLoader.obj
         obj\Debug\model3DS.obj
         obj\Debug\texture3DS.obj
         obj\Debug\Simulation.obj
         obj\Debug\SpaceShip.obj
         obj\Debug\Spring.obj
         D:\sdk\OpenFrameworks\of_preRelease_v0062_vs2010_FAT\libs\openFrameworksCompiled\lib\vs2010\openframeworksLibDebug.lib
     1>Body.obj : warning LNK4075: /EDITANDCONTINUE wird aufgrund der Angabe von /INCREMENTAL:NO ignoriert.
     1>rtAudioD.lib(rtAudio.obj) : warning LNK4099: PDB "vc100.pdb" wurde nicht mit "rtAudioD.lib(rtAudio.obj)" oder an "D:\sdk\OpenFrameworks\of_preRelease_v0062_vs2010_FAT\apps\addonsExamples\rtsg-1\bin\vc100.pdb" gefunden; Objekt wird verknüpft, als ob keine Debuginformationen vorhanden wären.
     1>PocoFoundationmtd.lib(AtomicCounter.obj) : warning LNK4099: PDB "vc100.pdb" wurde nicht mit "PocoFoundationmtd.lib(AtomicCounter.obj)" oder an "D:\sdk\OpenFrameworks\of_preRelease_v0062_vs2010_FAT\apps\addonsExamples\rtsg-1\bin\vc100.pdb" gefunden; Objekt wird verknüpft, als ob keine Debuginformationen vorhanden wären.
     1>PocoFoundationmtd.lib(Bugcheck.obj) : warning LNK4099: PDB "vc100.pdb" wurde nicht mit "PocoFoundationmtd.lib(Bugcheck.obj)" oder an "D:\sdk\OpenFrameworks\of_preRelease_v0062_vs2010_FAT\apps\addonsExamples\rtsg-1\bin\vc100.pdb" gefunden; Objekt wird verknüpft, als ob keine Debuginformationen vorhanden wären.
     1>PocoFoundationmtd.lib(Debugger.obj) : warning LNK4099: PDB "vc100.pdb" wurde nicht mit "PocoFoundationmtd.lib(Debugger.obj)" oder an "D:\sdk\OpenFrameworks\of_preRelease_v0062_vs2010_FAT\apps\addonsExamples\rtsg-1\bin\vc100.pdb" gefunden; Objekt wird verknüpft, als ob keine Debuginformationen vorhanden wären.
     1>PocoFoundationmtd.lib(Exception.obj) : warning LNK4099: PDB "vc100.pdb" wurde nicht mit "PocoFoundationmtd.lib(Exception.obj)" oder an "D:\sdk\OpenFrameworks\of_preRelease_v0062_vs2010_FAT\apps\addonsExamples\rtsg-1\bin\vc100.pdb" gefunden; Objekt wird verknüpft, als ob keine Debuginformationen vorhanden wären.
     1>PocoFoundationmtd.lib(Mutex.obj) : warning LNK4099: PDB "vc100.pdb" wurde nicht mit "PocoFoundationmtd.lib(Mutex.obj)" oder an "D:\sdk\OpenFrameworks\of_preRelease_v0062_vs2010_FAT\apps\addonsExamples\rtsg-1\bin\vc100.pdb" gefunden; Objekt wird verknüpft, als ob keine Debuginformationen vorhanden wären.
     1>PocoFoundationmtd.lib(RWLock.obj) : warning LNK4099: PDB "vc100.pdb" wurde nicht mit "PocoFoundationmtd.lib(RWLock.obj)" oder an "D:\sdk\OpenFrameworks\of_preRelease_v0062_vs2010_FAT\apps\addonsExamples\rtsg-1\bin\vc100.pdb" gefunden; Objekt wird verknüpft, als ob keine Debuginformationen vorhanden wären.
     1>PocoFoundationmtd.lib(Timestamp.obj) : warning LNK4099: PDB "vc100.pdb" wurde nicht mit "PocoFoundationmtd.lib(Timestamp.obj)" oder an "D:\sdk\OpenFrameworks\of_preRelease_v0062_vs2010_FAT\apps\addonsExamples\rtsg-1\bin\vc100.pdb" gefunden; Objekt wird verknüpft, als ob keine Debuginformationen vorhanden wären.
     1>PocoFoundationmtd.lib(ASCIIEncoding.obj) : warning LNK4099: PDB "vc100.pdb" wurde nicht mit "PocoFoundationmtd.lib(ASCIIEncoding.obj)" oder an "D:\sdk\OpenFrameworks\of_preRelease_v0062_vs2010_FAT\apps\addonsExamples\rtsg-1\bin\vc100.pdb" gefunden; Objekt wird verknüpft, als ob keine Debuginformationen vorhanden wären.
     1>PocoFoundationmtd.lib(Latin1Encoding.obj) : warning LNK4099: PDB "vc100.pdb" wurde nicht mit "PocoFoundationmtd.lib(Latin1Encoding.obj)" oder an "D:\sdk\OpenFrameworks\of_preRelease_v0062_vs2010_FAT\apps\addonsExamples\rtsg-1\bin\vc100.pdb" gefunden; Objekt wird verknüpft, als ob keine Debuginformationen vorhanden wären.
     1>PocoFoundationmtd.lib(Latin9Encoding.obj) : warning LNK4099: PDB "vc100.pdb" wurde nicht mit "PocoFoundationmtd.lib(Latin9Encoding.obj)" oder an "D:\sdk\OpenFrameworks\of_preRelease_v0062_vs2010_FAT\apps\addonsExamples\rtsg-1\bin\vc100.pdb" gefunden; Objekt wird verknüpft, als ob keine Debuginformationen vorhanden wären.
     1>PocoFoundationmtd.lib(TextConverter.obj) : warning LNK4099: PDB "vc100.pdb" wurde nicht mit "PocoFoundationmtd.lib(TextConverter.obj)" oder an "D:\sdk\OpenFrameworks\of_preRelease_v0062_vs2010_FAT\apps\addonsExamples\rtsg-1\bin\vc100.pdb" gefunden; Objekt wird verknüpft, als ob keine Debuginformationen vorhanden wären.
     1>PocoFoundationmtd.lib(TextEncoding.obj) : warning LNK4099: PDB "vc100.pdb" wurde nicht mit "PocoFoundationmtd.lib(TextEncoding.obj)" oder an "D:\sdk\OpenFrameworks\of_preRelease_v0062_vs2010_FAT\apps\addonsExamples\rtsg-1\bin\vc100.pdb" gefunden; Objekt wird verknüpft, als ob keine Debuginformationen vorhanden wären.
     1>PocoFoundationmtd.lib(TextIterator.obj) : warning LNK4099: PDB "vc100.pdb" wurde nicht mit "PocoFoundationmtd.lib(TextIterator.obj)" oder an "D:\sdk\OpenFrameworks\of_preRelease_v0062_vs2010_FAT\apps\addonsExamples\rtsg-1\bin\vc100.pdb" gefunden; Objekt wird verknüpft, als ob keine Debuginformationen vorhanden wären.
     1>PocoFoundationmtd.lib(UnicodeConverter.obj) : warning LNK4099: PDB "vc100.pdb" wurde nicht mit "PocoFoundationmtd.lib(UnicodeConverter.obj)" oder an "D:\sdk\OpenFrameworks\of_preRelease_v0062_vs2010_FAT\apps\addonsExamples\rtsg-1\bin\vc100.pdb" gefunden; Objekt wird verknüpft, als ob keine Debuginformationen vorhanden wären.
     1>PocoFoundationmtd.lib(UTF16Encoding.obj) : warning LNK4099: PDB "vc100.pdb" wurde nicht mit "PocoFoundationmtd.lib(UTF16Encoding.obj)" oder an "D:\sdk\OpenFrameworks\of_preRelease_v0062_vs2010_FAT\apps\addonsExamples\rtsg-1\bin\vc100.pdb" gefunden; Objekt wird verknüpft, als ob keine Debuginformationen vorhanden wären.
     1>PocoFoundationmtd.lib(UTF8Encoding.obj) : warning LNK4099: PDB "vc100.pdb" wurde nicht mit "PocoFoundationmtd.lib(UTF8Encoding.obj)" oder an "D:\sdk\OpenFrameworks\of_preRelease_v0062_vs2010_FAT\apps\addonsExamples\rtsg-1\bin\vc100.pdb" gefunden; Objekt wird verknüpft, als ob keine Debuginformationen vorhanden wären.
     1>PocoFoundationmtd.lib(Windows1252Encoding.obj) : warning LNK4099: PDB "vc100.pdb" wurde nicht mit "PocoFoundationmtd.lib(Windows1252Encoding.obj)" oder an "D:\sdk\OpenFrameworks\of_preRelease_v0062_vs2010_FAT\apps\addonsExamples\rtsg-1\bin\vc100.pdb" gefunden; Objekt wird verknüpft, als ob keine Debuginformationen vorhanden wären.
     1>cv110d.lib(cvaccum.obj) : warning LNK4099: PDB "vc100.pdb" wurde nicht mit "cv110d.lib(cvaccum.obj)" oder an "D:\sdk\OpenFrameworks\of_preRelease_v0062_vs2010_FAT\apps\addonsExamples\rtsg-1\bin\vc100.pdb" gefunden; Objekt wird verknüpft, als ob keine Debuginformationen vorhanden wären.
     1>cv110d.lib(cvadapthresh.obj) : warning LNK4099: PDB "vc100.pdb" wurde nicht mit "cv110d.lib(cvadapthresh.obj)" oder an "D:\sdk\OpenFrameworks\of_preRelease_v0062_vs2010_FAT\apps\addonsExamples\rtsg-1\bin\vc100.pdb" gefunden; Objekt wird verknüpft, als ob keine Debuginformationen vorhanden wären.
     1>cv110d.lib(cvapprox.obj) : warning LNK4099: PDB "vc100.pdb" wurde nicht mit "cv110d.lib(cvapprox.obj)" oder an "D:\sdk\OpenFrameworks\of_preRelease_v0062_vs2010_FAT\apps\addonsExamples\rtsg-1\bin\vc100.pdb" gefunden; Objekt wird verknüpft, als ob keine Debuginformationen vorhanden wären.
     1>cv110d.lib(cvcolor.obj) : warning LNK4099: PDB "vc100.pdb" wurde nicht mit "cv110d.lib(cvcolor.obj)" oder an "D:\sdk\OpenFrameworks\of_preRelease_v0062_vs2010_FAT\apps\addonsExamples\rtsg-1\bin\vc100.pdb" gefunden; Objekt wird verknüpft, als ob keine Debuginformationen vorhanden wären.
     1>cv110d.lib(cvcontours.obj) : warning LNK4099: PDB "vc100.pdb" wurde nicht mit "cv110d.lib(cvcontours.obj)" oder an "D:\sdk\OpenFrameworks\of_preRelease_v0062_vs2010_FAT\apps\addonsExamples\rtsg-1\bin\vc100.pdb" gefunden; Objekt wird verknüpft, als ob keine Debuginformationen vorhanden wären.
     1>cv110d.lib(cvfilter.obj) : warning LNK4099: PDB "vc100.pdb" wurde nicht mit "cv110d.lib(cvfilter.obj)" oder an "D:\sdk\OpenFrameworks\of_preRelease_v0062_vs2010_FAT\apps\addonsExamples\rtsg-1\bin\vc100.pdb" gefunden; Objekt wird verknüpft, als ob keine Debuginformationen vorhanden wären.
     1>cv110d.lib(cvgeometry.obj) : warning LNK4099: PDB "vc100.pdb" wurde nicht mit "cv110d.lib(cvgeometry.obj)" oder an "D:\sdk\OpenFrameworks\of_preRelease_v0062_vs2010_FAT\apps\addonsExamples\rtsg-1\bin\vc100.pdb" gefunden; Objekt wird verknüpft, als ob keine Debuginformationen vorhanden wären.
     1>cv110d.lib(cvhistogram.obj) : warning LNK4099: PDB "vc100.pdb" wurde nicht mit "cv110d.lib(cvhistogram.obj)" oder an "D:\sdk\OpenFrameworks\of_preRelease_v0062_vs2010_FAT\apps\addonsExamples\rtsg-1\bin\vc100.pdb" gefunden; Objekt wird verknüpft, als ob keine Debuginformationen vorhanden wären.
     1>cv110d.lib(cvimgwarp.obj) : warning LNK4099: PDB "vc100.pdb" wurde nicht mit "cv110d.lib(cvimgwarp.obj)" oder an "D:\sdk\OpenFrameworks\of_preRelease_v0062_vs2010_FAT\apps\addonsExamples\rtsg-1\bin\vc100.pdb" gefunden; Objekt wird verknüpft, als ob keine Debuginformationen vorhanden wären.
     1>cv110d.lib(cvmoments.obj) : warning LNK4099: PDB "vc100.pdb" wurde nicht mit "cv110d.lib(cvmoments.obj)" oder an "D:\sdk\OpenFrameworks\of_preRelease_v0062_vs2010_FAT\apps\addonsExamples\rtsg-1\bin\vc100.pdb" gefunden; Objekt wird verknüpft, als ob keine Debuginformationen vorhanden wären.
     1>cv110d.lib(cvmorph.obj) : warning LNK4099: PDB "vc100.pdb" wurde nicht mit "cv110d.lib(cvmorph.obj)" oder an "D:\sdk\OpenFrameworks\of_preRelease_v0062_vs2010_FAT\apps\addonsExamples\rtsg-1\bin\vc100.pdb" gefunden; Objekt wird verknüpft, als ob keine Debuginformationen vorhanden wären.
     1>cv110d.lib(cvshapedescr.obj) : warning LNK4099: PDB "vc100.pdb" wurde nicht mit "cv110d.lib(cvshapedescr.obj)" oder an "D:\sdk\OpenFrameworks\of_preRelease_v0062_vs2010_FAT\apps\addonsExamples\rtsg-1\bin\vc100.pdb" gefunden; Objekt wird verknüpft, als ob keine Debuginformationen vorhanden wären.
     1>cv110d.lib(cvsmooth.obj) : warning LNK4099: PDB "vc100.pdb" wurde nicht mit "cv110d.lib(cvsmooth.obj)" oder an "D:\sdk\OpenFrameworks\of_preRelease_v0062_vs2010_FAT\apps\addonsExamples\rtsg-1\bin\vc100.pdb" gefunden; Objekt wird verknüpft, als ob keine Debuginformationen vorhanden wären.
     1>cv110d.lib(cvsumpixels.obj) : warning LNK4099: PDB "vc100.pdb" wurde nicht mit "cv110d.lib(cvsumpixels.obj)" oder an "D:\sdk\OpenFrameworks\of_preRelease_v0062_vs2010_FAT\apps\addonsExamples\rtsg-1\bin\vc100.pdb" gefunden; Objekt wird verknüpft, als ob keine Debuginformationen vorhanden wären.
     1>cv110d.lib(cvtables.obj) : warning LNK4099: PDB "vc100.pdb" wurde nicht mit "cv110d.lib(cvtables.obj)" oder an "D:\sdk\OpenFrameworks\of_preRelease_v0062_vs2010_FAT\apps\addonsExamples\rtsg-1\bin\vc100.pdb" gefunden; Objekt wird verknüpft, als ob keine Debuginformationen vorhanden wären.
     1>cv110d.lib(cvtemplmatch.obj) : warning LNK4099: PDB "vc100.pdb" wurde nicht mit "cv110d.lib(cvtemplmatch.obj)" oder an "D:\sdk\OpenFrameworks\of_preRelease_v0062_vs2010_FAT\apps\addonsExamples\rtsg-1\bin\vc100.pdb" gefunden; Objekt wird verknüpft, als ob keine Debuginformationen vorhanden wären.
     1>cv110d.lib(cvthresh.obj) : warning LNK4099: PDB "vc100.pdb" wurde nicht mit "cv110d.lib(cvthresh.obj)" oder an "D:\sdk\OpenFrameworks\of_preRelease_v0062_vs2010_FAT\apps\addonsExamples\rtsg-1\bin\vc100.pdb" gefunden; Objekt wird verknüpft, als ob keine Debuginformationen vorhanden wären.
     1>cv110d.lib(cvundistort.obj) : warning LNK4099: PDB "vc100.pdb" wurde nicht mit "cv110d.lib(cvundistort.obj)" oder an "D:\sdk\OpenFrameworks\of_preRelease_v0062_vs2010_FAT\apps\addonsExamples\rtsg-1\bin\vc100.pdb" gefunden; Objekt wird verknüpft, als ob keine Debuginformationen vorhanden wären.
     1>cv110d.lib(cvutils.obj) : warning LNK4099: PDB "vc100.pdb" wurde nicht mit "cv110d.lib(cvutils.obj)" oder an "D:\sdk\OpenFrameworks\of_preRelease_v0062_vs2010_FAT\apps\addonsExamples\rtsg-1\bin\vc100.pdb" gefunden; Objekt wird verknüpft, als ob keine Debuginformationen vorhanden wären.
     1>cxcore110d.lib(cxalloc.obj) : warning LNK4099: PDB "vc100.pdb" wurde nicht mit "cxcore110d.lib(cxalloc.obj)" oder an "D:\sdk\OpenFrameworks\of_preRelease_v0062_vs2010_FAT\apps\addonsExamples\rtsg-1\bin\vc100.pdb" gefunden; Objekt wird verknüpft, als ob keine Debuginformationen vorhanden wären.
     1>cxcore110d.lib(cxarithm.obj) : warning LNK4099: PDB "vc100.pdb" wurde nicht mit "cxcore110d.lib(cxarithm.obj)" oder an "D:\sdk\OpenFrameworks\of_preRelease_v0062_vs2010_FAT\apps\addonsExamples\rtsg-1\bin\vc100.pdb" gefunden; Objekt wird verknüpft, als ob keine Debuginformationen vorhanden wären.
     1>cxcore110d.lib(cxarray.obj) : warning LNK4099: PDB "vc100.pdb" wurde nicht mit "cxcore110d.lib(cxarray.obj)" oder an "D:\sdk\OpenFrameworks\of_preRelease_v0062_vs2010_FAT\apps\addonsExamples\rtsg-1\bin\vc100.pdb" gefunden; Objekt wird verknüpft, als ob keine Debuginformationen vorhanden wären.
     1>cxcore110d.lib(cxcmp.obj) : warning LNK4099: PDB "vc100.pdb" wurde nicht mit "cxcore110d.lib(cxcmp.obj)" oder an "D:\sdk\OpenFrameworks\of_preRelease_v0062_vs2010_FAT\apps\addonsExamples\rtsg-1\bin\vc100.pdb" gefunden; Objekt wird verknüpft, als ob keine Debuginformationen vorhanden wären.
     1>cxcore110d.lib(cxconvert.obj) : warning LNK4099: PDB "vc100.pdb" wurde nicht mit "cxcore110d.lib(cxconvert.obj)" oder an "D:\sdk\OpenFrameworks\of_preRelease_v0062_vs2010_FAT\apps\addonsExamples\rtsg-1\bin\vc100.pdb" gefunden; Objekt wird verknüpft, als ob keine Debuginformationen vorhanden wären.
     1>cxcore110d.lib(cxcopy.obj) : warning LNK4099: PDB "vc100.pdb" wurde nicht mit "cxcore110d.lib(cxcopy.obj)" oder an "D:\sdk\OpenFrameworks\of_preRelease_v0062_vs2010_FAT\apps\addonsExamples\rtsg-1\bin\vc100.pdb" gefunden; Objekt wird verknüpft, als ob keine Debuginformationen vorhanden wären.
     1>cxcore110d.lib(cxdatastructs.obj) : warning LNK4099: PDB "vc100.pdb" wurde nicht mit "cxcore110d.lib(cxdatastructs.obj)" oder an "D:\sdk\OpenFrameworks\of_preRelease_v0062_vs2010_FAT\apps\addonsExamples\rtsg-1\bin\vc100.pdb" gefunden; Objekt wird verknüpft, als ob keine Debuginformationen vorhanden wären.
     1>cxcore110d.lib(cxdrawing.obj) : warning LNK4099: PDB "vc100.pdb" wurde nicht mit "cxcore110d.lib(cxdrawing.obj)" oder an "D:\sdk\OpenFrameworks\of_preRelease_v0062_vs2010_FAT\apps\addonsExamples\rtsg-1\bin\vc100.pdb" gefunden; Objekt wird verknüpft, als ob keine Debuginformationen vorhanden wären.
     1>cxcore110d.lib(cxdxt.obj) : warning LNK4099: PDB "vc100.pdb" wurde nicht mit "cxcore110d.lib(cxdxt.obj)" oder an "D:\sdk\OpenFrameworks\of_preRelease_v0062_vs2010_FAT\apps\addonsExamples\rtsg-1\bin\vc100.pdb" gefunden; Objekt wird verknüpft, als ob keine Debuginformationen vorhanden wären.
     1>cxcore110d.lib(cxerror.obj) : warning LNK4099: PDB "vc100.pdb" wurde nicht mit "cxcore110d.lib(cxerror.obj)" oder an "D:\sdk\OpenFrameworks\of_preRelease_v0062_vs2010_FAT\apps\addonsExamples\rtsg-1\bin\vc100.pdb" gefunden; Objekt wird verknüpft, als ob keine Debuginformationen vorhanden wären.
     1>cxcore110d.lib(cxjacobieigens.obj) : warning LNK4099: PDB "vc100.pdb" wurde nicht mit "cxcore110d.lib(cxjacobieigens.obj)" oder an "D:\sdk\OpenFrameworks\of_preRelease_v0062_vs2010_FAT\apps\addonsExamples\rtsg-1\bin\vc100.pdb" gefunden; Objekt wird verknüpft, als ob keine Debuginformationen vorhanden wären.
     1>cxcore110d.lib(cxlogic.obj) : warning LNK4099: PDB "vc100.pdb" wurde nicht mit "cxcore110d.lib(cxlogic.obj)" oder an "D:\sdk\OpenFrameworks\of_preRelease_v0062_vs2010_FAT\apps\addonsExamples\rtsg-1\bin\vc100.pdb" gefunden; Objekt wird verknüpft, als ob keine Debuginformationen vorhanden wären.
     1>cxcore110d.lib(cxlut.obj) : warning LNK4099: PDB "vc100.pdb" wurde nicht mit "cxcore110d.lib(cxlut.obj)" oder an "D:\sdk\OpenFrameworks\of_preRelease_v0062_vs2010_FAT\apps\addonsExamples\rtsg-1\bin\vc100.pdb" gefunden; Objekt wird verknüpft, als ob keine Debuginformationen vorhanden wären.
     1>cxcore110d.lib(cxmathfuncs.obj) : warning LNK4099: PDB "vc100.pdb" wurde nicht mit "cxcore110d.lib(cxmathfuncs.obj)" oder an "D:\sdk\OpenFrameworks\of_preRelease_v0062_vs2010_FAT\apps\addonsExamples\rtsg-1\bin\vc100.pdb" gefunden; Objekt wird verknüpft, als ob keine Debuginformationen vorhanden wären.
     1>cxcore110d.lib(cxmatmul.obj) : warning LNK4099: PDB "vc100.pdb" wurde nicht mit "cxcore110d.lib(cxmatmul.obj)" oder an "D:\sdk\OpenFrameworks\of_preRelease_v0062_vs2010_FAT\apps\addonsExamples\rtsg-1\bin\vc100.pdb" gefunden; Objekt wird verknüpft, als ob keine Debuginformationen vorhanden wären.
     1>cxcore110d.lib(cxmatrix.obj) : warning LNK4099: PDB "vc100.pdb" wurde nicht mit "cxcore110d.lib(cxmatrix.obj)" oder an "D:\sdk\OpenFrameworks\of_preRelease_v0062_vs2010_FAT\apps\addonsExamples\rtsg-1\bin\vc100.pdb" gefunden; Objekt wird verknüpft, als ob keine Debuginformationen vorhanden wären.
     1>cxcore110d.lib(cxmean.obj) : warning LNK4099: PDB "vc100.pdb" wurde nicht mit "cxcore110d.lib(cxmean.obj)" oder an "D:\sdk\OpenFrameworks\of_preRelease_v0062_vs2010_FAT\apps\addonsExamples\rtsg-1\bin\vc100.pdb" gefunden; Objekt wird verknüpft, als ob keine Debuginformationen vorhanden wären.
     1>cxcore110d.lib(cxmeansdv.obj) : warning LNK4099: PDB "vc100.pdb" wurde nicht mit "cxcore110d.lib(cxmeansdv.obj)" oder an "D:\sdk\OpenFrameworks\of_preRelease_v0062_vs2010_FAT\apps\addonsExamples\rtsg-1\bin\vc100.pdb" gefunden; Objekt wird verknüpft, als ob keine Debuginformationen vorhanden wären.
     1>cxcore110d.lib(cxminmaxloc.obj) : warning LNK4099: PDB "vc100.pdb" wurde nicht mit "cxcore110d.lib(cxminmaxloc.obj)" oder an "D:\sdk\OpenFrameworks\of_preRelease_v0062_vs2010_FAT\apps\addonsExamples\rtsg-1\bin\vc100.pdb" gefunden; Objekt wird verknüpft, als ob keine Debuginformationen vorhanden wären.
     1>cxcore110d.lib(cxnorm.obj) : warning LNK4099: PDB "vc100.pdb" wurde nicht mit "cxcore110d.lib(cxnorm.obj)" oder an "D:\sdk\OpenFrameworks\of_preRelease_v0062_vs2010_FAT\apps\addonsExamples\rtsg-1\bin\vc100.pdb" gefunden; Objekt wird verknüpft, als ob keine Debuginformationen vorhanden wären.
     1>cxcore110d.lib(cxouttext.obj) : warning LNK4099: PDB "vc100.pdb" wurde nicht mit "cxcore110d.lib(cxouttext.obj)" oder an "D:\sdk\OpenFrameworks\of_preRelease_v0062_vs2010_FAT\apps\addonsExamples\rtsg-1\bin\vc100.pdb" gefunden; Objekt wird verknüpft, als ob keine Debuginformationen vorhanden wären.
     1>cxcore110d.lib(cxpersistence.obj) : warning LNK4099: PDB "vc100.pdb" wurde nicht mit "cxcore110d.lib(cxpersistence.obj)" oder an "D:\sdk\OpenFrameworks\of_preRelease_v0062_vs2010_FAT\apps\addonsExamples\rtsg-1\bin\vc100.pdb" gefunden; Objekt wird verknüpft, als ob keine Debuginformationen vorhanden wären.
     1>cxcore110d.lib(cxrand.obj) : warning LNK4099: PDB "vc100.pdb" wurde nicht mit "cxcore110d.lib(cxrand.obj)" oder an "D:\sdk\OpenFrameworks\of_preRelease_v0062_vs2010_FAT\apps\addonsExamples\rtsg-1\bin\vc100.pdb" gefunden; Objekt wird verknüpft, als ob keine Debuginformationen vorhanden wären.
     1>cxcore110d.lib(cxsumpixels.obj) : warning LNK4099: PDB "vc100.pdb" wurde nicht mit "cxcore110d.lib(cxsumpixels.obj)" oder an "D:\sdk\OpenFrameworks\of_preRelease_v0062_vs2010_FAT\apps\addonsExamples\rtsg-1\bin\vc100.pdb" gefunden; Objekt wird verknüpft, als ob keine Debuginformationen vorhanden wären.
     1>cxcore110d.lib(cxsvd.obj) : warning LNK4099: PDB "vc100.pdb" wurde nicht mit "cxcore110d.lib(cxsvd.obj)" oder an "D:\sdk\OpenFrameworks\of_preRelease_v0062_vs2010_FAT\apps\addonsExamples\rtsg-1\bin\vc100.pdb" gefunden; Objekt wird verknüpft, als ob keine Debuginformationen vorhanden wären.
     1>cxcore110d.lib(cxswitcher.obj) : warning LNK4099: PDB "vc100.pdb" wurde nicht mit "cxcore110d.lib(cxswitcher.obj)" oder an "D:\sdk\OpenFrameworks\of_preRelease_v0062_vs2010_FAT\apps\addonsExamples\rtsg-1\bin\vc100.pdb" gefunden; Objekt wird verknüpft, als ob keine Debuginformationen vorhanden wären.
     1>cxcore110d.lib(cxtables.obj) : warning LNK4099: PDB "vc100.pdb" wurde nicht mit "cxcore110d.lib(cxtables.obj)" oder an "D:\sdk\OpenFrameworks\of_preRelease_v0062_vs2010_FAT\apps\addonsExamples\rtsg-1\bin\vc100.pdb" gefunden; Objekt wird verknüpft, als ob keine Debuginformationen vorhanden wären.
     1>cxcore110d.lib(cxutils.obj) : warning LNK4099: PDB "vc100.pdb" wurde nicht mit "cxcore110d.lib(cxutils.obj)" oder an "D:\sdk\OpenFrameworks\of_preRelease_v0062_vs2010_FAT\apps\addonsExamples\rtsg-1\bin\vc100.pdb" gefunden; Objekt wird verknüpft, als ob keine Debuginformationen vorhanden wären.
     1>oscpackd.lib(IpEndpointName.obj) : warning LNK4099: PDB "vc100.pdb" wurde nicht mit "oscpackd.lib(IpEndpointName.obj)" oder an "D:\sdk\OpenFrameworks\of_preRelease_v0062_vs2010_FAT\apps\addonsExamples\rtsg-1\bin\vc100.pdb" gefunden; Objekt wird verknüpft, als ob keine Debuginformationen vorhanden wären.
     1>oscpackd.lib(NetworkingUtils.obj) : warning LNK4099: PDB "vc100.pdb" wurde nicht mit "oscpackd.lib(NetworkingUtils.obj)" oder an "D:\sdk\OpenFrameworks\of_preRelease_v0062_vs2010_FAT\apps\addonsExamples\rtsg-1\bin\vc100.pdb" gefunden; Objekt wird verknüpft, als ob keine Debuginformationen vorhanden wären.
     1>oscpackd.lib(UdpSocket.obj) : warning LNK4099: PDB "vc100.pdb" wurde nicht mit "oscpackd.lib(UdpSocket.obj)" oder an "D:\sdk\OpenFrameworks\of_preRelease_v0062_vs2010_FAT\apps\addonsExamples\rtsg-1\bin\vc100.pdb" gefunden; Objekt wird verknüpft, als ob keine Debuginformationen vorhanden wären.
     1>oscpackd.lib(OscOutboundPacketStream.obj) : warning LNK4099: PDB "vc100.pdb" wurde nicht mit "oscpackd.lib(OscOutboundPacketStream.obj)" oder an "D:\sdk\OpenFrameworks\of_preRelease_v0062_vs2010_FAT\apps\addonsExamples\rtsg-1\bin\vc100.pdb" gefunden; Objekt wird verknüpft, als ob keine Debuginformationen vorhanden wären.
     1>oscpackd.lib(OscReceivedElements.obj) : warning LNK4099: PDB "vc100.pdb" wurde nicht mit "oscpackd.lib(OscReceivedElements.obj)" oder an "D:\sdk\OpenFrameworks\of_preRelease_v0062_vs2010_FAT\apps\addonsExamples\rtsg-1\bin\vc100.pdb" gefunden; Objekt wird verknüpft, als ob keine Debuginformationen vorhanden wären.
     1>oscpackd.lib(OscTypes.obj) : warning LNK4099: PDB "vc100.pdb" wurde nicht mit "oscpackd.lib(OscTypes.obj)" oder an "D:\sdk\OpenFrameworks\of_preRelease_v0062_vs2010_FAT\apps\addonsExamples\rtsg-1\bin\vc100.pdb" gefunden; Objekt wird verknüpft, als ob keine Debuginformationen vorhanden wären.
       Manifest:
         C:\Program Files (x86)\Microsoft SDKs\Windows\v7.0A\bin\mt.exe /nologo /verbose /out:"obj\Debug\allAddonsExample_debug.exe.embed.manifest" /manifest obj\Debug\allAddonsExample_debug.exe.intermediate.manifest
         Alle Ausgaben sind aktuell.
       LinkEmbedManifest:
         Alle Ausgaben sind aktuell.
         allAddonsExample.vcxproj -> D:\sdk\OpenFrameworks\of_preRelease_v0062_vs2010_FAT\apps\addonsExamples\rtsg-1\bin\allAddonsExample_debug.exe
       PostBuildEvent:
         Description: adding DLLs and creating data folder
         xcopy /e /i /y "D:\sdk\OpenFrameworks\of_preRelease_v0062_vs2010_FAT\apps\addonsExamples\rtsg-1\..\..\..\export\vs2010\*.dll" "D:\sdk\OpenFrameworks\of_preRelease_v0062_vs2010_FAT\apps\addonsExamples\rtsg-1\bin"
         if not exist "D:\sdk\OpenFrameworks\of_preRelease_v0062_vs2010_FAT\apps\addonsExamples\rtsg-1\bin\data" mkdir  "D:\sdk\OpenFrameworks\of_preRelease_v0062_vs2010_FAT\apps\addonsExamples\rtsg-1\bin\data"
         
         :VCEnd
         D:\sdk\OpenFrameworks\of_preRelease_v0062_vs2010_FAT\apps\addonsExamples\rtsg-1\..\..\..\export\vs2010\fmodex.dll
         D:\sdk\OpenFrameworks\of_preRelease_v0062_vs2010_FAT\apps\addonsExamples\rtsg-1\..\..\..\export\vs2010\fmodexL.dll
         D:\sdk\OpenFrameworks\of_preRelease_v0062_vs2010_FAT\apps\addonsExamples\rtsg-1\..\..\..\export\vs2010\FreeImage.dll
         D:\sdk\OpenFrameworks\of_preRelease_v0062_vs2010_FAT\apps\addonsExamples\rtsg-1\..\..\..\export\vs2010\FreeType-6.dll
         D:\sdk\OpenFrameworks\of_preRelease_v0062_vs2010_FAT\apps\addonsExamples\rtsg-1\..\..\..\export\vs2010\glut32.dll
         D:\sdk\OpenFrameworks\of_preRelease_v0062_vs2010_FAT\apps\addonsExamples\rtsg-1\..\..\..\export\vs2010\Zlib.dll
         6 File(s) copied
       FinalizeBuildStatus:
         Die Datei "obj\Debug\allAddonsExample.unsuccessfulbuild" wird gelöscht.
         Aktualisieren des Timestamps von "obj\Debug\allAddonsExample.lastbuildstate".
     1>Die Erstellung des Projekts "D:\sdk\OpenFrameworks\of_preRelease_v0062_vs2010_FAT\apps\addonsExamples\rtsg-1\allAddonsExample.vcxproj" ist abgeschlossen, build Ziel(e).

Das Erstellen war erfolgreich.

Verstrichene Zeit 00:00:06.37
